<?xml version="1.0" encoding="UTF-8"?>
<!-- Generated by org.testng.reporters.JUnitXMLReporter -->
<testsuite ignored="0" hostname="LAPTOP-S9JVNPGK" failures="0" tests="4" name="Admin" time="59.421" errors="0" timestamp="2023-02-21T08:39:16 IST">
  <testcase classname="testcases.EditNationality" name="editNationanality" time="15.897"/>
  <testcase classname="testcases.NationalityDelete" name="nationalityDelete" time="15.679"/>
  <testcase classname="testcases.Qualification" name="skill" time="15.836"/>
  <testcase classname="testcases.verifyjobtitle" name="jobtitle" time="12.002"/>
</testsuite> <!-- Admin -->
