<?xml version="1.0" encoding="UTF-8"?>
<!-- Generated by org.testng.reporters.JUnitXMLReporter -->
<testsuite ignored="0" hostname="LAPTOP-S9JVNPGK" failures="0" tests="5" name="Profile" time="116.413" errors="0" timestamp="2023-02-21T19:57:57 IST">
  <testcase classname="testcases.ProfileFunctionality" name="profile" time="17.038"/>
  <testcase classname="testcases.AboutFunctionalilty" name="About" time="22.094"/>
  <testcase classname="testcases.SupportFunctionality" name="support" time="36.669"/>
  <testcase classname="testcases.PasswordChange" name="changePassword" time="23.093"/>
  <testcase classname="testcases.LogoutFunctionality" name="logout" time="17.511"/>
</testsuite> <!-- Profile -->
