<?xml version="1.0" encoding="UTF-8"?>
<!-- Generated by org.testng.reporters.JUnitXMLReporter -->
<testsuite ignored="0" hostname="LAPTOP-S9JVNPGK" failures="0" tests="5" name="Profile" time="63.51" errors="0" timestamp="2023-02-21T08:41:53 IST">
  <testcase classname="testcases.AboutFunctionalilty" name="About" time="10.24"/>
  <testcase classname="testcases.SupportFunctionality" name="support" time="12.925"/>
  <testcase classname="testcases.ProfileFunctionality" name="profile" time="12.802"/>
  <testcase classname="testcases.PasswordChange" name="changePassword" time="10.658"/>
  <testcase classname="testcases.LogoutFunctionality" name="logout" time="16.863"/>
</testsuite> <!-- Profile -->
