<?xml version="1.0" encoding="UTF-8"?>
<!-- Generated by org.testng.reporters.JUnitXMLReporter -->
<testsuite ignored="0" hostname="LAPTOP-S9JVNPGK" failures="0" tests="3" name="Test" time="68.83" errors="0" timestamp="2023-02-21T08:37:51 IST">
  <testcase classname="testcases.launchingbroweser" name="launchbrowser" time="47.291"/>
  <testcase classname="testcases.validateincorrectdetails" name="validateLoginIncorrectDetails" time="13.687"/>
  <testcase classname="testcases.verifyingloginpage" name="validatelogin" time="7.809"/>
</testsuite> <!-- Test -->
