<?xml version="1.0" encoding="UTF-8"?>
<!-- Generated by org.testng.reporters.JUnitXMLReporter -->
<testsuite ignored="0" hostname="LAPTOP-S9JVNPGK" failures="0" tests="3" name="Test" time="52.93" errors="0" timestamp="2023-02-21T19:52:19 IST">
  <testcase classname="testcases.launchingbroweser" name="launchbrowser" time="20.146"/>
  <testcase classname="testcases.verifyingloginpage" name="validatelogin" time="13.808"/>
  <testcase classname="testcases.validateincorrectdetails" name="validateLoginIncorrectDetails" time="18.937"/>
</testsuite> <!-- Test -->
